Unfortunately, deej has crashed. This really shouldn't happen!
If you've just encountered this, please contact @omriharel and attach this error log.
You can also join the deej Discord server at https://discord.gg/nf88NJu.
Exception occurred: 'Switches' object has no attribute '_config_filename'
Traceback: Traceback (most recent call last):
  File "D:\GitHub\Macro-Keyboard\main.py", line 45, in _load_settings
    with open(self._config_filename, 'rb') as f:
AttributeError: 'Switches' object has no attribute '_config_filename'

During handling of the above exception, another exception occurred:

Traceback (most recent call last):
  File "D:\GitHub\Macro-Keyboard\main.py", line 431, in main
    deej.start()
  File "D:\GitHub\Macro-Keyboard\main.py", line 200, in start
    sw = Switches()
  File "D:\GitHub\Macro-Keyboard\main.py", line 39, in __init__
    self._load_settings()
  File "D:\GitHub\Macro-Keyboard\main.py", line 50, in _load_settings
    self._config_filename,
AttributeError: 'Switches' object has no attribute '_config_filename'
